Starting preprocessing of the model file ...
Found 101 equation(s).
Evaluating expressions...done
Computing static model derivatives (order 1).
Computing dynamic model derivatives (order 1).
Processing outputs ...
done
Preprocessing completed.




Residuals of the static equations:

Equation number 1 : 0 : c1
Equation number 2 : 0 : at1
Equation number 3 : 0 : a1
Equation number 4 : 0 : psih1
Equation number 5 : 0 : lambda1
Equation number 6 : 0 : lambdat1
Equation number 7 : 0 : c2
Equation number 8 : 0 : at2
Equation number 9 : 0 : a2
Equation number 10 : 0 : psih2
Equation number 11 : 0 : lambda2
Equation number 12 : 0 : lambdat2
Equation number 13 : 0 : c3
Equation number 14 : 0 : at3
Equation number 15 : 0 : a3
Equation number 16 : 0 : psih3
Equation number 17 : 0 : lambda3
Equation number 18 : 0 : lambdat3
Equation number 19 : 0 : c4
Equation number 20 : 0 : at4
Equation number 21 : 0 : 21
Equation number 22 : 0 : psih4
Equation number 23 : 0 : 23
Equation number 24 : 0 : lambdat4
Equation number 25 : 0 : c5
Equation number 26 : 0 : at5
Equation number 27 : 0 : 27
Equation number 28 : 0 : psih5
Equation number 29 : 0 : 29
Equation number 30 : 0 : lambdat5
Equation number 31 : 0 : c6
Equation number 32 : 0 : at6
Equation number 33 : 0 : 33
Equation number 34 : 0 : psih6
Equation number 35 : 0 : 35
Equation number 36 : 0 : lambdat6
Equation number 37 : 0 : c7
Equation number 38 : 0 : at7
Equation number 39 : 0 : 39
Equation number 40 : 0 : psih7
Equation number 41 : 0 : 41
Equation number 42 : 0 : lambdat7
Equation number 43 : 0 : c8
Equation number 44 : 0 : at8
Equation number 45 : 0 : 45
Equation number 46 : 0 : psih8
Equation number 47 : 0 : 47
Equation number 48 : 0 : lambdat8
Equation number 49 : 0 : c9
Equation number 50 : 0 : at9
Equation number 51 : 0 : 51
Equation number 52 : 0 : psih9
Equation number 53 : 0 : 53
Equation number 54 : 0 : lambdat9
Equation number 55 : 0 : c10
Equation number 56 : 0 : at10
Equation number 57 : 0 : 57
Equation number 58 : 0 : psih10
Equation number 59 : 0 : 59
Equation number 60 : 0 : lambdat10
Equation number 61 : 0 : c11
Equation number 62 : 0 : at11
Equation number 63 : 0 : 63
Equation number 64 : 0 : psih11
Equation number 65 : 0 : 65
Equation number 66 : 0 : lambdat11
Equation number 67 : 0 : c12
Equation number 68 : 0 : at12
Equation number 69 : 0 : 69
Equation number 70 : 0 : psih12
Equation number 71 : 0 : 71
Equation number 72 : 0 : lambdat12
Equation number 73 : 0 : c13
Equation number 74 : 0 : at13
Equation number 75 : 0 : 75
Equation number 76 : 0 : psih13
Equation number 77 : 0 : 77
Equation number 78 : 0 : lambdat13
Equation number 79 : 0 : 79
Equation number 80 : 0 : w
Equation number 81 : 0 : 81
Equation number 82 : 0 : 82
Equation number 83 : 0 : FL
Equation number 84 : 0 : FK
Equation number 85 : 0 : FLK
Equation number 86 : 0 : FKK
Equation number 87 : 0 : Z
Equation number 88 : 0 : u
Equation number 89 : 0 : A
Equation number 90 : 0 : C
Equation number 91 : 0 : I
Equation number 92 : 0 : 92
Equation number 93 : 0 : ut
Equation number 94 : 0 : Kt
Equation number 95 : 0 : Ct
Equation number 96 : 0 : wt
Equation number 97 : 0 : Rt
Equation number 98 : 0 : Tt
Equation number 99 : 0 : Zt
Equation number 100 : 0 : GDPt
Equation number 101 : 0 : It



STEADY-STATE RESULTS:

R         		 1.00864
w         		 2.42779
FK        		 0.0336444
FL        		 2.42779
FKK       		 -0.000530483
FLK       		 0.0215324
u         		 0
Z         		 1
A         		 40.5902
K         		 40.5902
GDP       		 3.79343
I         		 1.01475
C         		 2.47487
TT        		 0.303798
Rt        		 0
wt        		 0
ut        		 0
Zt        		 0
Kt        		 0
GDPt      		 0
It        		 0
Ct        		 0
Tt        		 0
a1        		 5.07288
at1       		 5.11604
c1        		 0.565818
psih1     		 1.93636
lambda1   		 0
lambdat1  		 0
a2        		 10.7888
at2       		 10.8751
c2        		 0.65878
psih2     		 3.38636
lambda2   		 0
lambdat2  		 -0.461516
a3        		 5.07627
at3       		 5.11604
c3        		 1.07448
psih3     		 0.961333
lambda3   		 0
lambdat3  		 0
a4        		 10.7954
at4       		 10.8751
c4        		 1.16425
psih4     		 0.926518
lambda4   		 -0.450077
lambdat4  		 -0.461516
a5        		 26.7866
at5       		 26.9776
c5        		 1.41473
psih5     		 0.926518
lambda5   		 -2.62027
lambdat5  		 -2.81888
a6        		 10.8396
at6       		 10.8751
c6        		 1.96726
psih6     		 0.433992
lambda6   		 -0.776883
lambdat6  		 -0.461516
a7        		 26.8736
at7       		 26.9776
c7        		 2.17489
psih7     		 0.433992
lambda7   		 -3.03437
lambdat7  		 -2.81888
a8        		 70.4491
at8       		 70.7014
c8        		 2.7012
psih8     		 0.433992
lambda8   		 51.7892
lambdat8  		 51.0845
a9        		 27.1849
at9       		 26.9776
c9        		 3.26544
psih9     		 0.245901
lambda9   		 -3.51219
lambdat9  		 -2.81888
a10       		 70.7874
at10      		 70.7014
c10       		 3.76476
psih10    		 0.245901
lambda10  		 51.1657
lambdat10 		 51.0845
a11       		 156.05
at11      		 156.155
c11       		 4.69485
psih11    		 0.245901
lambda11  		 172.21
lambdat11 		 170.256
a12       		 71.5328
at12      		 70.7014
c12       		 5.33877
psih12    		 0.147904
lambda12  		 50.3733
lambdat12 		 51.0845
a13       		 156.799
at13      		 156.155
c13       		 6.26513
psih13    		 0.147904
lambda13  		 171.168
lambdat13 		 170.256

MODEL SUMMARY

  Number of variables:         101
  Number of stochastic shocks: 1
  Number of state variables:   22
  Number of jumpers:           49
  Number of static variables:  30


MATRIX OF COVARIANCE OF EXOGENOUS SHOCKS
Variables         eps
eps          0.000010

POLICY AND TRANSITION FUNCTIONS
                                  Zt            GDPt              Ct              Kt              It              Rt              wt              Tt               Z             GDP               C               K               I               R               w              TT
Constant                           0               0               0               0               0               0               0               0        1.000000        3.793426        2.474874       40.590194        1.014755        1.008644        2.427793        0.303798
u(-1)                      95.000000       95.000000       31.190594        6.317947      252.717886        3.196219       95.000000       88.005936        0.950000        3.603755        0.771928        2.564467        2.564467        0.031962        2.306403        0.267360
K(-1)                              0      -25.702361        0.010604       -0.002137      -96.167808       -0.053048        0.886914        0.199158               0       -0.975000        0.000262       -0.000867       -0.975867       -0.000530        0.021532        0.000605
a4(-1)                             0        6.597131        0.766054        0.525992       21.039672               0               0        5.858291               0        0.250257        0.018959        0.213501        0.213501               0               0        0.017797
lambda4(-1)                        0               0       -0.194769       -0.015610       -0.624380               0               0        3.672254               0               0       -0.004820       -0.006336       -0.006336               0               0        0.011156
a5(-1)                             0        0.037640        0.004371        0.003001        0.120043               0               0        0.033425               0        0.001428        0.000108        0.001218        0.001218               0               0        0.000102
lambda5(-1)                        0               0       -0.001111       -0.000089       -0.003562               0               0        0.020952               0               0       -0.000028       -0.000036       -0.000036               0               0        0.000064
a6(-1)                             0        0.037640        0.002136        0.003373        0.134933               0               0        0.001897               0        0.001428        0.000053        0.001369        0.001369               0               0        0.000006
lambda6(-1)                        0               0       -0.000197       -0.000004       -0.000150               0               0        0.002101               0               0       -0.000005       -0.000002       -0.000002               0               0        0.000006
a7(-1)                             0        9.895697        0.561486        0.886851       35.474033               0               0        0.498819               0        0.375386        0.013896        0.359974        0.359974               0               0        0.001515
lambda7(-1)                        0               0       -0.051697       -0.000983       -0.039316               0               0        0.552471               0               0       -0.001279       -0.000399       -0.000399               0               0        0.001678
a8(-1)                             0        0.037640        0.002136        0.003373        0.134933               0               0        0.001897               0        0.001428        0.000053        0.001369        0.001369               0               0        0.000006
lambda8(-1)                        0               0       -0.000197       -0.000004       -0.000150               0               0        0.002101               0               0       -0.000005       -0.000002       -0.000002               0               0        0.000006
a9(-1)                             0        0.037640        0.002130        0.003383        0.135324               0               0        0.000636               0        0.001428        0.000053        0.001373        0.001373               0               0        0.000002
lambda9(-1)                        0               0       -0.000074       -0.000002       -0.000075               0               0        0.000857               0               0       -0.000002               0               0               0               0        0.000003
a10(-1)                            0        6.597131        0.373361        0.592947       23.717892               0               0        0.111464               0        0.250257        0.009240        0.240678        0.240678               0               0        0.000339
lambda10(-1)                       0               0       -0.013056       -0.000329       -0.013146               0               0        0.150270               0               0       -0.000323       -0.000133       -0.000133               0               0        0.000457
a11(-1)                            0        0.012547        0.000710        0.001128        0.045108               0               0        0.000212               0        0.000476        0.000018        0.000458        0.000458               0               0               0
lambda11(-1)                       0               0       -0.000025               0       -0.000025               0               0        0.000286               0               0               0               0               0               0               0               0
a12(-1)                            0        0.012547        0.000716        0.001128        0.045126               0               0        0.000107               0        0.000476        0.000018        0.000458        0.000458               0               0               0
lambda12(-1)                       0               0       -0.000013               0       -0.000017               0               0        0.000163               0               0               0               0               0               0               0               0
a13(-1)                            0        1.649283        0.094060        0.148296        5.931859               0               0        0.014034               0        0.062564        0.002328        0.060194        0.060194               0               0        0.000043
lambda13(-1)                       0               0       -0.001736       -0.000054       -0.002179               0               0        0.021425               0               0       -0.000043       -0.000022       -0.000022               0               0        0.000065
eps                       100.000000      100.000000       32.832205        6.650471      266.018827        3.364442      100.000000       92.637828        1.000000        3.793426        0.812556        2.699439        2.699439        0.033644        2.427793        0.281431


MOMENTS OF SIMULATED VARIABLES
VARIABLE              MEAN       STD. DEV.        VARIANCE        SKEWNESS        KURTOSIS
Zt               -0.002440        0.982028        0.964380        0.019705        0.204198
GDPt             -0.004905        1.283353        1.646996        0.106430        0.392575
Ct               -0.004981        0.975235        0.951084        0.188395        0.628196
Kt               -0.006793        1.186132        1.406910        0.212812        0.662345
It               -0.004658        2.355753        5.549573       -0.017879        0.125042
Rt                0.000065        0.027150        0.000737       -0.142347        0.179581
wt               -0.004905        1.283353        1.646996        0.106430        0.392575
Tt               -0.005116        1.420568        2.018013        0.116893        0.420861
Z                 0.999976        0.009820        0.000096        0.019705        0.204198
GDP               3.793240        0.048683        0.002370        0.106430        0.392575
C                 2.474750        0.024136        0.000583        0.188395        0.628196
K                40.587436        0.481453        0.231797        0.212812        0.662345
I                 1.014708        0.023905        0.000571       -0.017879        0.125042
R                 1.008645        0.000271        0.000000       -0.142347        0.179581
w                 2.427673        0.031157        0.000971        0.106430        0.392575
TT                0.303782        0.004316        0.000019        0.116893        0.420861


CORRELATION OF SIMULATED VARIABLES
VARIABLE        Zt    GDPt      Ct      Kt      It      Rt      wt      Tt       Z     GDP       C       K       I       R       w      TT
Zt          1.0000  0.9637  0.7948  0.6308  0.9911  0.6558  0.9637  0.9358  1.0000  0.9637  0.7948  0.6308  0.9911  0.6558  0.9637  0.9358
GDPt        0.9637  1.0000  0.9280  0.8151  0.9199  0.4304  1.0000  0.9952  0.9637  1.0000  0.9280  0.8151  0.9199  0.4304  1.0000  0.9952
Ct          0.7948  0.9280  1.0000  0.9721  0.7076  0.0633  0.9280  0.9560  0.7948  0.9280  1.0000  0.9721  0.7076  0.0633  0.9280  0.9560
Kt          0.6308  0.8151  0.9721  1.0000  0.5230 -0.1721  0.8151  0.8618  0.6308  0.8151  0.9721  1.0000  0.5230 -0.1721  0.8151  0.8618
It          0.9911  0.9199  0.7076  0.5230  1.0000  0.7495  0.9199  0.8810  0.9911  0.9199  0.7076  0.5230  1.0000  0.7495  0.9199  0.8810
Rt          0.6558  0.4304  0.0633 -0.1721  0.7495  1.0000  0.4304  0.3495  0.6558  0.4304  0.0633 -0.1721  0.7495  1.0000  0.4304  0.3495
wt          0.9637  1.0000  0.9280  0.8151  0.9199  0.4304  1.0000  0.9952  0.9637  1.0000  0.9280  0.8151  0.9199  0.4304  1.0000  0.9952
Tt          0.9358  0.9952  0.9560  0.8618  0.8810  0.3495  0.9952  1.0000  0.9358  0.9952  0.9560  0.8618  0.8810  0.3495  0.9952  1.0000
Z           1.0000  0.9637  0.7948  0.6308  0.9911  0.6558  0.9637  0.9358  1.0000  0.9637  0.7948  0.6308  0.9911  0.6558  0.9637  0.9358
GDP         0.9637  1.0000  0.9280  0.8151  0.9199  0.4304  1.0000  0.9952  0.9637  1.0000  0.9280  0.8151  0.9199  0.4304  1.0000  0.9952
C           0.7948  0.9280  1.0000  0.9721  0.7076  0.0633  0.9280  0.9560  0.7948  0.9280  1.0000  0.9721  0.7076  0.0633  0.9280  0.9560
K           0.6308  0.8151  0.9721  1.0000  0.5230 -0.1721  0.8151  0.8618  0.6308  0.8151  0.9721  1.0000  0.5230 -0.1721  0.8151  0.8618
I           0.9911  0.9199  0.7076  0.5230  1.0000  0.7495  0.9199  0.8810  0.9911  0.9199  0.7076  0.5230  1.0000  0.7495  0.9199  0.8810
R           0.6558  0.4304  0.0633 -0.1721  0.7495  1.0000  0.4304  0.3495  0.6558  0.4304  0.0633 -0.1721  0.7495  1.0000  0.4304  0.3495
w           0.9637  1.0000  0.9280  0.8151  0.9199  0.4304  1.0000  0.9952  0.9637  1.0000  0.9280  0.8151  0.9199  0.4304  1.0000  0.9952
TT          0.9358  0.9952  0.9560  0.8618  0.8810  0.3495  0.9952  1.0000  0.9358  0.9952  0.9560  0.8618  0.8810  0.3495  0.9952  1.0000


AUTOCORRELATION OF SIMULATED VARIABLES
VARIABLE         1       2       3       4       5
Zt          0.9492  0.8983  0.8489  0.8009  0.7571
GDPt        0.9705  0.9403  0.9102  0.8803  0.8522
Ct          0.9942  0.9868  0.9780  0.9679  0.9570
Kt          0.9990  0.9963  0.9921  0.9864  0.9795
It          0.9372  0.8749  0.8152  0.7578  0.7061
Rt          0.9221  0.8450  0.7712  0.7006  0.6371
wt          0.9705  0.9403  0.9102  0.8803  0.8522
Tt          0.9793  0.9569  0.9336  0.9095  0.8860
Z           0.9492  0.8983  0.8489  0.8009  0.7571
GDP         0.9705  0.9403  0.9102  0.8803  0.8522
C           0.9942  0.9868  0.9780  0.9679  0.9570
K           0.9990  0.9963  0.9921  0.9864  0.9795
I           0.9372  0.8749  0.8152  0.7578  0.7061
R           0.9221  0.8450  0.7712  0.7006  0.6371
w           0.9705  0.9403  0.9102  0.8803  0.8522
TT          0.9793  0.9569  0.9336  0.9095  0.8860
Total computing time : 0h00m02s
